<?xml version="1.0" encoding="utf-8" standalone="no"?>
<!--This file represents the results of running a test suite-->
<test-results name="C:\Users\Annemartijn\Documents\GitHub\nhibernate-core\NHibernate.nunit" total="1" errors="0" failures="0" not-run="0" inconclusive="0" ignored="0" skipped="0" invalid="0" date="2014-04-15" time="15:25:58">
  <environment nunit-version="2.6.3.13283" clr-version="2.0.50727.5477" os-version="Microsoft Windows NT 6.1.7601 Service Pack 1" platform="Win32NT" cwd="C:\Users\Annemartijn\Documents\GitHub\nhibernate-core" machine-name="ILIANLAPTOPWERK" user="Annemartijn" user-domain="IlianLaptopWerk" />
  <culture-info current-culture="nl-NL" current-uiculture="en-US" />
  <test-suite type="Test Project" name="C:\Users\Annemartijn\Documents\GitHub\nhibernate-core\NHibernate.nunit" executed="True" result="Success" success="True" time="2.136" asserts="0">
    <results>
      <test-suite type="Assembly" name="C:\Users\Annemartijn\Documents\GitHub\nhibernate-core\src\NHibernate.TestDatabaseSetup\bin\Debug\NHibernate.TestDatabaseSetup.dll" executed="True" result="Success" success="True" time="0.540" asserts="0">
        <results>
          <test-suite type="Namespace" name="NHibernate" executed="True" result="Success" success="True" time="0.538" asserts="0">
            <results>
              <test-suite type="Namespace" name="TestDatabaseSetup" executed="True" result="Success" success="True" time="0.537" asserts="0">
                <results>
                  <test-suite type="TestFixture" name="DatabaseSetup" executed="True" result="Success" success="True" time="0.534" asserts="0">
                    <results>
                      <test-case name="NHibernate.TestDatabaseSetup.DatabaseSetup.SetupDatabase" executed="True" result="Success" success="True" time="0.528" asserts="1" />
                    </results>
                  </test-suite>
                </results>
              </test-suite>
            </results>
          </test-suite>
        </results>
      </test-suite>
    </results>
  </test-suite>
</test-results>